<?xml version="1.0" encoding="UTF-8" ?>
<testsuite tests="15" failures="0" name="cs345.cdecl.TestCDecl" time="0.102" errors="0" skipped="0">
  <properties>
[...]
</properties>
  <testcase classname="cs345.cdecl.TestCDecl" name="test[0: int i; =&gt; i is a int]" time="0.093"/>
  <testcase classname="cs345.cdecl.TestCDecl" name="test[1: float f; =&gt; f is a float]" time="0"/>
  <testcase classname="cs345.cdecl.TestCDecl" name="test[2: int *p; =&gt; p is a pointer to int]" time="0.001"/>
  <testcase classname="cs345.cdecl.TestCDecl" name="test[3: int **p; =&gt; p is a pointer to pointer to int]" time="0"/>
  <testcase classname="cs345.cdecl.TestCDecl" name="test[4: int a[]; =&gt; a is a array of int]" time="0"/>
  <testcase classname="cs345.cdecl.TestCDecl" name="test[5: int *a[]; =&gt; a is a array of pointer to int]" time="0"/>
  <testcase classname="cs345.cdecl.TestCDecl" name="test[6: int (*a)[]; =&gt; a is a pointer to array of int]" time="0"/>
  <testcase classname="cs345.cdecl.TestCDecl" name="test[7: int *(*a)[]; =&gt; a is a pointer to array of pointer to int]" time="0"/>
  <testcase classname="cs345.cdecl.TestCDecl" name="test[8: int **a[]; =&gt; a is a array of pointer to pointer to int]" time="0.002"/>
  <testcase classname="cs345.cdecl.TestCDecl" name="test[9: int f(); =&gt; f is a function returning int]" time="0"/>
  <testcase classname="cs345.cdecl.TestCDecl" name="test[10: void f(); =&gt; f is a function returning nothing]" time="0.001"/>
  <testcase classname="cs345.cdecl.TestCDecl" name="test[11: float f(); =&gt; f is a function returning float]" time="0.005"/>
  <testcase classname="cs345.cdecl.TestCDecl" name="test[12: int (*f)(); =&gt; f is a pointer to function returning int]" time="0"/>
  <testcase classname="cs345.cdecl.TestCDecl" name="test[13: int *(*f[])(); =&gt; f is a array of pointer to function returning pointer to int]" time="0"/>
  <testcase classname="cs345.cdecl.TestCDecl" name="test[14: int *f(); =&gt; f is a function returning pointer to int]" time="0"/>
</testsuite>